{
  "RSpec": {
    "coverage": {
      "/Users/rickyamparo/turing/personal/blinker_coding_challenge/config/environment.rb": [
        null,
        1,
        null,
        null,
        1
      ],
      "/Users/rickyamparo/turing/personal/blinker_coding_challenge/config/application.rb": [
        1,
        null,
        1,
        null,
        1,
        1,
        1,
        1,
        1,
        1,
        1,
        null,
        1,
        null,
        null,
        null,
        1,
        null,
        1,
        1,
        null,
        1,
        null,
        null,
        null,
        null,
        null,
        null,
        null,
        null,
        1,
        null,
        null
      ],
      "/Users/rickyamparo/turing/personal/blinker_coding_challenge/config/boot.rb": [
        1,
        null,
        1
      ],
      "/Users/rickyamparo/turing/personal/blinker_coding_challenge/config/environments/test.rb": [
        1,
        null,
        null,
        null,
        null,
        null,
        null,
        1,
        null,
        null,
        null,
        null,
        1,
        null,
        null,
        1,
        1,
        null,
        null,
        null,
        null,
        1,
        1,
        null,
        null,
        1,
        null,
        null,
        1,
        1,
        null,
        null,
        null,
        null,
        1,
        null,
        null,
        1,
        null,
        null,
        null,
        null
      ],
      "/Users/rickyamparo/turing/personal/blinker_coding_challenge/config/initializers/application_controller_renderer.rb": [
        null,
        null,
        null,
        null,
        null,
        null,
        null,
        null
      ],
      "/Users/rickyamparo/turing/personal/blinker_coding_challenge/config/initializers/backtrace_silencers.rb": [
        null,
        null,
        null,
        null,
        null,
        null,
        null
      ],
      "/Users/rickyamparo/turing/personal/blinker_coding_challenge/config/initializers/cors.rb": [
        null,
        null,
        null,
        null,
        null,
        null,
        null,
        null,
        null,
        null,
        null,
        null,
        null,
        null,
        null,
        null
      ],
      "/Users/rickyamparo/turing/personal/blinker_coding_challenge/config/initializers/filter_parameter_logging.rb": [
        null,
        null,
        null,
        1
      ],
      "/Users/rickyamparo/turing/personal/blinker_coding_challenge/config/initializers/inflections.rb": [
        null,
        null,
        null,
        null,
        null,
        null,
        null,
        null,
        null,
        null,
        null,
        null,
        null,
        null,
        null,
        null
      ],
      "/Users/rickyamparo/turing/personal/blinker_coding_challenge/config/initializers/mime_types.rb": [
        null,
        null,
        null,
        null
      ],
      "/Users/rickyamparo/turing/personal/blinker_coding_challenge/config/initializers/wrap_parameters.rb": [
        null,
        null,
        null,
        null,
        null,
        null,
        1,
        2,
        null,
        null,
        null,
        null,
        null,
        null
      ],
      "/Users/rickyamparo/turing/personal/blinker_coding_challenge/spec/factories/options.rb": [
        1,
        null,
        1,
        1,
        62,
        null,
        null
      ],
      "/Users/rickyamparo/turing/personal/blinker_coding_challenge/spec/factories/vehicles.rb": [
        1,
        1,
        null,
        1,
        1,
        117,
        117,
        null,
        null
      ],
      "/Users/rickyamparo/turing/personal/blinker_coding_challenge/spec/factories/vehicles_options.rb": [
        1,
        1,
        1,
        1,
        null,
        null
      ],
      "/Users/rickyamparo/turing/personal/blinker_coding_challenge/config/routes.rb": [
        1,
        1,
        null,
        1,
        1,
        1,
        1,
        1,
        null,
        null,
        null
      ],
      "/Users/rickyamparo/turing/personal/blinker_coding_challenge/spec/helpers/request_spec_helper.rb": [
        1,
        1,
        13,
        null,
        null
      ],
      "/Users/rickyamparo/turing/personal/blinker_coding_challenge/app/models/option.rb": [
        1,
        1,
        1,
        1,
        null
      ],
      "/Users/rickyamparo/turing/personal/blinker_coding_challenge/app/models/application_record.rb": [
        1,
        1,
        null
      ],
      "/Users/rickyamparo/turing/personal/blinker_coding_challenge/spec/models/vehicle_spec.rb": [
        1,
        null,
        1,
        2,
        2,
        null
      ],
      "/Users/rickyamparo/turing/personal/blinker_coding_challenge/app/models/vehicle.rb": [
        1,
        1,
        1,
        1,
        null
      ],
      "/Users/rickyamparo/turing/personal/blinker_coding_challenge/spec/models/vehicles_option_spec.rb": [
        1,
        null,
        1,
        2,
        2,
        null
      ],
      "/Users/rickyamparo/turing/personal/blinker_coding_challenge/app/models/vehicles_option.rb": [
        1,
        1,
        1,
        null
      ],
      "/Users/rickyamparo/turing/personal/blinker_coding_challenge/spec/requests/options/delete_options_spec.rb": [
        1,
        null,
        1,
        2,
        2,
        null,
        1,
        2,
        null,
        1,
        1,
        null,
        null,
        null
      ],
      "/Users/rickyamparo/turing/personal/blinker_coding_challenge/spec/requests/options/get_options_spec.rb": [
        1,
        null,
        1,
        7,
        5,
        null,
        1,
        3,
        null,
        1,
        1,
        1,
        null,
        null,
        1,
        1,
        null,
        null,
        null,
        1,
        5,
        null,
        1,
        1,
        1,
        1,
        null,
        null,
        1,
        1,
        null,
        null,
        null,
        1,
        3,
        null,
        1,
        1,
        null,
        null,
        1,
        1,
        null,
        null,
        null,
        null
      ],
      "/Users/rickyamparo/turing/personal/blinker_coding_challenge/spec/requests/options/post_options_spec.rb": [
        1,
        null,
        1,
        null,
        1,
        3,
        null,
        1,
        3,
        null,
        1,
        1,
        null,
        null,
        1,
        1,
        null,
        null,
        null,
        1,
        3,
        null,
        1,
        1,
        null,
        null,
        1,
        1,
        null,
        null,
        null,
        null
      ],
      "/Users/rickyamparo/turing/personal/blinker_coding_challenge/spec/requests/options/put_options_spec.rb": [
        1,
        null,
        1,
        5,
        3,
        null,
        1,
        3,
        null,
        1,
        3,
        null,
        1,
        1,
        null,
        null,
        1,
        1,
        null,
        null,
        null,
        1,
        3,
        null,
        1,
        1,
        null,
        null,
        1,
        1,
        null,
        null,
        null,
        null,
        null
      ],
      "/Users/rickyamparo/turing/personal/blinker_coding_challenge/spec/requests/vehicles/delete_vehicles_spec.rb": [
        1,
        null,
        1,
        2,
        2,
        null,
        1,
        2,
        null,
        1,
        1,
        null,
        null,
        null
      ],
      "/Users/rickyamparo/turing/personal/blinker_coding_challenge/spec/requests/vehicles/get_vehicles_spec.rb": [
        1,
        null,
        1,
        7,
        5,
        null,
        1,
        3,
        null,
        1,
        1,
        1,
        null,
        null,
        1,
        1,
        null,
        null,
        null,
        1,
        5,
        null,
        1,
        1,
        1,
        1,
        null,
        null,
        1,
        1,
        null,
        null,
        null,
        1,
        3,
        null,
        1,
        1,
        null,
        null,
        1,
        1,
        null,
        null,
        null,
        null
      ],
      "/Users/rickyamparo/turing/personal/blinker_coding_challenge/spec/requests/vehicles/post_vehicles_spec.rb": [
        1,
        null,
        1,
        null,
        1,
        1,
        null,
        2,
        1,
        3,
        null,
        1,
        1,
        1,
        null,
        null,
        1,
        1,
        null,
        null,
        null,
        1,
        3,
        null,
        1,
        1,
        null,
        null,
        1,
        1,
        null,
        null,
        null,
        null
      ],
      "/Users/rickyamparo/turing/personal/blinker_coding_challenge/spec/requests/vehicles/put_vehicles_spec.rb": [
        1,
        null,
        1,
        5,
        3,
        null,
        1,
        1,
        null,
        null,
        2,
        null,
        1,
        3,
        null,
        1,
        1,
        null,
        null,
        1,
        1,
        null,
        null,
        null,
        1,
        3,
        null,
        1,
        1,
        null,
        null,
        1,
        1,
        null,
        null,
        null,
        null,
        null
      ],
      "/Users/rickyamparo/turing/personal/blinker_coding_challenge/spec/requests/vehicles_options/delete_vehicles_options_spec.rb": [
        1,
        null,
        1,
        3,
        3,
        null,
        2,
        2,
        null,
        2,
        null,
        null,
        2,
        null,
        1,
        2,
        null,
        1,
        1,
        null,
        null,
        null,
        1,
        2,
        null,
        1,
        1,
        null,
        null,
        null
      ],
      "/Users/rickyamparo/turing/personal/blinker_coding_challenge/spec/requests/vehicles_options/post_vehicles_options_spec.rb": [
        1,
        null,
        1,
        5,
        5,
        null,
        3,
        3,
        null,
        1,
        1,
        null,
        null,
        2,
        null,
        1,
        3,
        null,
        1,
        1,
        1,
        null,
        null,
        1,
        1,
        null,
        null,
        null,
        1,
        3,
        null,
        1,
        1,
        null,
        null,
        1,
        1,
        null,
        null,
        null,
        null
      ],
      "/Users/rickyamparo/turing/personal/blinker_coding_challenge/app/controllers/api/v1/options_controller.rb": [
        1,
        1,
        null,
        1,
        2,
        null,
        null,
        1,
        4,
        null,
        null,
        1,
        4,
        2,
        null,
        null,
        1,
        2,
        2,
        null,
        null,
        1,
        1,
        1,
        null,
        null,
        1,
        null,
        1,
        6,
        null,
        null,
        1,
        11,
        null,
        null,
        null
      ],
      "/Users/rickyamparo/turing/personal/blinker_coding_challenge/app/controllers/application_controller.rb": [
        1,
        1,
        1,
        null
      ],
      "/Users/rickyamparo/turing/personal/blinker_coding_challenge/app/controllers/concerns/response.rb": [
        1,
        1,
        33,
        null,
        null
      ],
      "/Users/rickyamparo/turing/personal/blinker_coding_challenge/app/controllers/concerns/exception_handler.rb": [
        1,
        1,
        null,
        1,
        null,
        1,
        9,
        null,
        null,
        1,
        6,
        null,
        null,
        null
      ],
      "/Users/rickyamparo/turing/personal/blinker_coding_challenge/app/controllers/api/v1/vehicles_controller.rb": [
        1,
        1,
        null,
        1,
        2,
        null,
        null,
        1,
        4,
        null,
        null,
        1,
        4,
        2,
        null,
        null,
        1,
        2,
        2,
        null,
        null,
        1,
        1,
        1,
        null,
        null,
        1,
        null,
        1,
        6,
        null,
        null,
        1,
        11,
        null,
        null,
        null
      ],
      "/Users/rickyamparo/turing/personal/blinker_coding_challenge/app/controllers/api/v1/vehicles_options_controller.rb": [
        1,
        1,
        null,
        1,
        4,
        2,
        null,
        null,
        1,
        1,
        1,
        null,
        null,
        1,
        null,
        1,
        4,
        null,
        null,
        1,
        2,
        null,
        null
      ]
    },
    "timestamp": 1519884841
  }
}
